#
# There is insufficient memory for the Java Runtime Environment to continue.
# Native memory allocation (malloc) failed to allocate 1553296 bytes for Chunk::new
# Possible reasons:
#   The system is out of physical RAM or swap space
#   In 32 bit mode, the process size limit was hit
# Possible solutions:
#   Reduce memory load on the system
#   Increase physical memory or swap space
#   Check if swap backing store is full
#   Use 64 bit Java on a 64 bit OS
#   Decrease Java heap size (-Xmx/-Xms)
#   Decrease number of Java threads
#   Decrease Java thread stack sizes (-Xss)
#   Set larger code cache with -XX:ReservedCodeCacheSize=
# This output file may be truncated or incomplete.
#
#  Out of Memory Error (allocation.cpp:390), pid=11332, tid=7508
#
# JRE version: Java(TM) SE Runtime Environment (8.0_25-b18) (build 1.8.0_25-b18)
# Java VM: Java HotSpot(TM) 64-Bit Server VM (25.25-b02 mixed mode windows-amd64 compressed oops)
# Failed to write core dump. Minidumps are not enabled by default on client versions of Windows
#

---------------  T H R E A D  ---------------

Current thread (0x0000000018aa9000):  JavaThread "C2 CompilerThread0" daemon [_thread_in_native, id=7508, stack(0x00000000191a0000,0x00000000192a0000)]

Stack: [0x00000000191a0000,0x00000000192a0000]
Native frames: (J=compiled Java code, j=interpreted, Vv=VM code, C=native code)
V  [jvm.dll+0x31667a]
V  [jvm.dll+0x267073]
V  [jvm.dll+0x267cb3]
V  [jvm.dll+0x25f5b5]
V  [jvm.dll+0xbf165]
V  [jvm.dll+0xbf60c]
V  [jvm.dll+0x478fbc]
V  [jvm.dll+0x4463eb]
V  [jvm.dll+0x45130e]
V  [jvm.dll+0x4538f8]
V  [jvm.dll+0x437372]
V  [jvm.dll+0x98a02]
V  [jvm.dll+0x991f3]
V  [jvm.dll+0x22bde4]
V  [jvm.dll+0x2852fa]
C  [msvcr100.dll+0x21d9f]
C  [msvcr100.dll+0x21e3b]
C  [kernel32.dll+0x159bd]
C  [ntdll.dll+0x2a2e1]


Current CompileTask:
C2:   5699 1848       4       org.springframework.asm.ClassReader::readCode (3343 bytes)


---------------  P R O C E S S  ---------------

Java Threads: ( => current thread )
  0x0000000018b06800 JavaThread "Service Thread" daemon [_thread_blocked, id=10744, stack(0x0000000019630000,0x0000000019730000)]
  0x0000000018afe000 JavaThread "C1 CompilerThread2" daemon [_thread_blocked, id=12140, stack(0x0000000019320000,0x0000000019420000)]
  0x0000000018af4000 JavaThread "C2 CompilerThread1" daemon [_thread_in_native, id=9084, stack(0x0000000019430000,0x0000000019530000)]
=>0x0000000018aa9000 JavaThread "C2 CompilerThread0" daemon [_thread_in_native, id=7508, stack(0x00000000191a0000,0x00000000192a0000)]
  0x0000000018a9a800 JavaThread "Attach Listener" daemon [_thread_blocked, id=7064, stack(0x0000000018f70000,0x0000000019070000)]
  0x000000001759f800 JavaThread "Signal Dispatcher" daemon [_thread_blocked, id=11140, stack(0x0000000018700000,0x0000000018800000)]
  0x0000000017537800 JavaThread "Finalizer" daemon [_thread_blocked, id=9556, stack(0x0000000018990000,0x0000000018a90000)]
  0x000000001752e800 JavaThread "Reference Handler" daemon [_thread_blocked, id=11216, stack(0x0000000018830000,0x0000000018930000)]
  0x000000000241b000 JavaThread "main" [_thread_in_vm, id=1008, stack(0x00000000027e0000,0x00000000028e0000)]

Other Threads:
  0x0000000017528800 VMThread [stack: 0x0000000018570000,0x0000000018670000] [id=11060]
  0x0000000018b09800 WatcherThread [stack: 0x0000000019850000,0x0000000019950000] [id=9212]

VM state:not at safepoint (normal execution)

VM Mutex/Monitor currently owned by a thread: None

Heap:
 PSYoungGen      total 71680K, used 61868K [0x00000000d5f00000, 0x00000000deb00000, 0x0000000100000000)
  eden space 66560K, 85% used [0x00000000d5f00000,0x00000000d966c218,0x00000000da000000)
  from space 5120K, 99% used [0x00000000da000000,0x00000000da4ff008,0x00000000da500000)
  to   space 5120K, 0% used [0x00000000de600000,0x00000000de600000,0x00000000deb00000)
 ParOldGen       total 87552K, used 13163K [0x0000000081c00000, 0x0000000087180000, 0x00000000d5f00000)
  object space 87552K, 15% used [0x0000000081c00000,0x00000000828dae28,0x0000000087180000)
 Metaspace       used 18348K, capacity 18578K, committed 18688K, reserved 1064960K
  class space    used 2226K, capacity 2262K, committed 2304K, reserved 1048576K

Card table byte_map: [0x0000000011ca0000,0x00000000120a0000] byte_map_base: 0x0000000011892000

Marking Bits: (ParMarkBitMap*) 0x00000000702ed490
 Begin Bits: [0x0000000012880000, 0x0000000014810000)
 End Bits:   [0x0000000014810000, 0x00000000167a0000)

Polling page: 0x0000000000120000

CodeCache: size=245760Kb used=7568Kb max_used=7585Kb free=238191Kb
 bounds [0x00000000028e0000, 0x0000000003050000, 0x00000000118e0000]
 total_blobs=2287 nmethods=1942 adapters=258
 compilation: enabled

Compilation events (10 events):
Event: 5.617 Thread 0x0000000018afe000 1933       3       sun.reflect.ClassFileAssembler::emitConstantPoolClass (23 bytes)
Event: 5.618 Thread 0x0000000018afe000 nmethod 1933 0x0000000003036f10 code [0x00000000030370c0, 0x0000000003037528]
Event: 5.635 Thread 0x0000000018afe000 1934       3       org.springframework.core.env.EnumerablePropertySource::containsProperty (9 bytes)
Event: 5.635 Thread 0x0000000018afe000 nmethod 1934 0x000000000303aad0 code [0x000000000303ac40, 0x000000000303ae78]
Event: 5.637 Thread 0x0000000018afe000 1935       3       org.springframework.beans.factory.BeanFactoryUtils::isFactoryDereference (19 bytes)
Event: 5.637 Thread 0x0000000018afe000 nmethod 1935 0x000000000303af50 code [0x000000000303b0c0, 0x000000000303b448]
Event: 5.647 Thread 0x0000000018afe000 1936       1       org.springframework.core.type.classreading.SimpleMetadataReader::getResource (5 bytes)
Event: 5.647 Thread 0x0000000018afe000 nmethod 1936 0x0000000003036c50 code [0x0000000003036da0, 0x0000000003036eb0]
Event: 5.652 Thread 0x0000000018afe000 1937       3       org.springframework.core.type.classreading.AnnotationMetadataReadingVisitor::getInterfaceNames (5 bytes)
Event: 5.652 Thread 0x0000000018afe000 nmethod 1937 0x0000000003035b50 code [0x0000000003035ca0, 0x0000000003035e10]

GC Heap History (6 events):
Event: 2.763 GC heap before
{Heap before GC invocations=1 (full 0):
 PSYoungGen      total 38400K, used 33280K [0x00000000d5f00000, 0x00000000d8980000, 0x0000000100000000)
  eden space 33280K, 100% used [0x00000000d5f00000,0x00000000d7f80000,0x00000000d7f80000)
  from space 5120K, 0% used [0x00000000d8480000,0x00000000d8480000,0x00000000d8980000)
  to   space 5120K, 0% used [0x00000000d7f80000,0x00000000d7f80000,0x00000000d8480000)
 ParOldGen       total 87552K, used 0K [0x0000000081c00000, 0x0000000087180000, 0x00000000d5f00000)
  object space 87552K, 0% used [0x0000000081c00000,0x0000000081c00000,0x0000000087180000)
 Metaspace       used 9047K, capacity 9218K, committed 9472K, reserved 1056768K
  class space    used 1143K, capacity 1175K, committed 1280K, reserved 1048576K
Event: 2.792 GC heap after
Heap after GC invocations=1 (full 0):
 PSYoungGen      total 38400K, used 5093K [0x00000000d5f00000, 0x00000000daa00000, 0x0000000100000000)
  eden space 33280K, 0% used [0x00000000d5f00000,0x00000000d5f00000,0x00000000d7f80000)
  from space 5120K, 99% used [0x00000000d7f80000,0x00000000d84795e0,0x00000000d8480000)
  to   space 5120K, 0% used [0x00000000da500000,0x00000000da500000,0x00000000daa00000)
 ParOldGen       total 87552K, used 2861K [0x0000000081c00000, 0x0000000087180000, 0x00000000d5f00000)
  object space 87552K, 3% used [0x0000000081c00000,0x0000000081ecb480,0x0000000087180000)
 Metaspace       used 9047K, capacity 9218K, committed 9472K, reserved 1056768K
  class space    used 1143K, capacity 1175K, committed 1280K, reserved 1048576K
}
Event: 3.377 GC heap before
{Heap before GC invocations=2 (full 0):
 PSYoungGen      total 38400K, used 38373K [0x00000000d5f00000, 0x00000000daa00000, 0x0000000100000000)
  eden space 33280K, 100% used [0x00000000d5f00000,0x00000000d7f80000,0x00000000d7f80000)
  from space 5120K, 99% used [0x00000000d7f80000,0x00000000d84795e0,0x00000000d8480000)
  to   space 5120K, 0% used [0x00000000da500000,0x00000000da500000,0x00000000daa00000)
 ParOldGen       total 87552K, used 2861K [0x0000000081c00000, 0x0000000087180000, 0x00000000d5f00000)
  object space 87552K, 3% used [0x0000000081c00000,0x0000000081ecb480,0x0000000087180000)
 Metaspace       used 13687K, capacity 13864K, committed 14080K, reserved 1060864K
  class space    used 1686K, capacity 1720K, committed 1792K, reserved 1048576K
Event: 3.387 GC heap after
Heap after GC invocations=2 (full 0):
 PSYoungGen      total 71680K, used 5117K [0x00000000d5f00000, 0x00000000daa00000, 0x0000000100000000)
  eden space 66560K, 0% used [0x00000000d5f00000,0x00000000d5f00000,0x00000000da000000)
  from space 5120K, 99% used [0x00000000da500000,0x00000000da9ff750,0x00000000daa00000)
  to   space 5120K, 0% used [0x00000000da000000,0x00000000da000000,0x00000000da500000)
 ParOldGen       total 87552K, used 7558K [0x0000000081c00000, 0x0000000087180000, 0x00000000d5f00000)
  object space 87552K, 8% used [0x0000000081c00000,0x00000000823618c8,0x0000000087180000)
 Metaspace       used 13687K, capacity 13864K, committed 14080K, reserved 1060864K
  class space    used 1686K, capacity 1720K, committed 1792K, reserved 1048576K
}
Event: 4.808 GC heap before
{Heap before GC invocations=3 (full 0):
 PSYoungGen      total 71680K, used 71677K [0x00000000d5f00000, 0x00000000daa00000, 0x0000000100000000)
  eden space 66560K, 100% used [0x00000000d5f00000,0x00000000da000000,0x00000000da000000)
  from space 5120K, 99% used [0x00000000da500000,0x00000000da9ff750,0x00000000daa00000)
  to   space 5120K, 0% used [0x00000000da000000,0x00000000da000000,0x00000000da500000)
 ParOldGen       total 87552K, used 7558K [0x0000000081c00000, 0x0000000087180000, 0x00000000d5f00000)
  object space 87552K, 8% used [0x0000000081c00000,0x00000000823618c8,0x0000000087180000)
 Metaspace       used 17957K, capacity 18156K, committed 18432K, reserved 1064960K
  class space    used 2181K, capacity 2229K, committed 2304K, reserved 1048576K
Event: 4.822 GC heap after
Heap after GC invocations=3 (full 0):
 PSYoungGen      total 71680K, used 5116K [0x00000000d5f00000, 0x00000000deb00000, 0x0000000100000000)
  eden space 66560K, 0% used [0x00000000d5f00000,0x00000000d5f00000,0x00000000da000000)
  from space 5120K, 99% used [0x00000000da000000,0x00000000da4ff008,0x00000000da500000)
  to   space 5120K, 0% used [0x00000000de600000,0x00000000de600000,0x00000000deb00000)
 ParOldGen       total 87552K, used 13163K [0x0000000081c00000, 0x0000000087180000, 0x00000000d5f00000)
  object space 87552K, 15% used [0x0000000081c00000,0x00000000828dae28,0x0000000087180000)
 Metaspace       used 17957K, capacity 18156K, committed 18432K, reserved 1064960K
  class space    used 2181K, capacity 2229K, committed 2304K, reserved 1048576K
}

Deoptimization events (10 events):
Event: 3.945 Thread 0x0000000019dc9000 Uncommon trap: reason=class_check action=maybe_recompile pc=0x0000000002bd6728 method=java.util.regex.Matcher.search(I)Z @ 86
Event: 4.885 Thread 0x000000000241b000 Uncommon trap: reason=array_check action=maybe_recompile pc=0x0000000002f83ee8 method=java.util.AbstractCollection.toArray([Ljava/lang/Object;)[Ljava/lang/Object; @ 119
Event: 4.886 Thread 0x000000000241b000 Uncommon trap: reason=array_check action=maybe_recompile pc=0x0000000002f83ee8 method=java.util.AbstractCollection.toArray([Ljava/lang/Object;)[Ljava/lang/Object; @ 119
Event: 4.886 Thread 0x000000000241b000 Uncommon trap: reason=array_check action=maybe_recompile pc=0x0000000002f83ee8 method=java.util.AbstractCollection.toArray([Ljava/lang/Object;)[Ljava/lang/Object; @ 119
Event: 4.887 Thread 0x000000000241b000 Uncommon trap: reason=array_check action=maybe_recompile pc=0x0000000002f83ee8 method=java.util.AbstractCollection.toArray([Ljava/lang/Object;)[Ljava/lang/Object; @ 119
Event: 5.026 Thread 0x000000000241b000 Uncommon trap: reason=class_check action=maybe_recompile pc=0x0000000002f694fc method=org.springframework.asm.ClassReader.readCode(Lorg/springframework/asm/MethodVisitor;Lorg/springframework/asm/Context;I)V @ 1791
Event: 5.026 Thread 0x000000000241b000 Uncommon trap: reason=class_check action=maybe_recompile pc=0x0000000002f694fc method=org.springframework.asm.ClassReader.readCode(Lorg/springframework/asm/MethodVisitor;Lorg/springframework/asm/Context;I)V @ 1791
Event: 5.028 Thread 0x000000000241b000 Uncommon trap: reason=class_check action=maybe_recompile pc=0x0000000002f694fc method=org.springframework.asm.ClassReader.readCode(Lorg/springframework/asm/MethodVisitor;Lorg/springframework/asm/Context;I)V @ 1791
Event: 5.031 Thread 0x000000000241b000 Uncommon trap: reason=class_check action=maybe_recompile pc=0x0000000002f694fc method=org.springframework.asm.ClassReader.readCode(Lorg/springframework/asm/MethodVisitor;Lorg/springframework/asm/Context;I)V @ 1791
Event: 5.204 Thread 0x000000000241b000 Uncommon trap: reason=unloaded action=reinterpret pc=0x000000000301d458 method=org.springframework.asm.Type.getClassName()Ljava/lang/String; @ 91

Internal exceptions (10 events):
Event: 5.654 Thread 0x000000000241b000 Exception <a 'java/security/PrivilegedActionException'> (0x00000000d933b238) thrown at [D:\re\workspace\8-2-build-windows-amd64-cygwin\jdk8u25\1677\hotspot\src\share\vm\prims\jvm.cpp, line 1312]
Event: 5.654 Thread 0x000000000241b000 Exception <a 'java/security/PrivilegedActionException'> (0x00000000d9341bb8) thrown at [D:\re\workspace\8-2-build-windows-amd64-cygwin\jdk8u25\1677\hotspot\src\share\vm\prims\jvm.cpp, line 1312]
Event: 5.654 Thread 0x000000000241b000 Exception <a 'java/security/PrivilegedActionException'> (0x00000000d93421b0) thrown at [D:\re\workspace\8-2-build-windows-amd64-cygwin\jdk8u25\1677\hotspot\src\share\vm\prims\jvm.cpp, line 1312]
Event: 5.654 Thread 0x000000000241b000 Exception <a 'java/security/PrivilegedActionException'> (0x00000000d9348510) thrown at [D:\re\workspace\8-2-build-windows-amd64-cygwin\jdk8u25\1677\hotspot\src\share\vm\prims\jvm.cpp, line 1312]
Event: 5.655 Thread 0x000000000241b000 Exception <a 'java/security/PrivilegedActionException'> (0x00000000d9348d70) thrown at [D:\re\workspace\8-2-build-windows-amd64-cygwin\jdk8u25\1677\hotspot\src\share\vm\prims\jvm.cpp, line 1312]
Event: 5.655 Thread 0x000000000241b000 Exception <a 'java/security/PrivilegedActionException'> (0x00000000d934f0c8) thrown at [D:\re\workspace\8-2-build-windows-amd64-cygwin\jdk8u25\1677\hotspot\src\share\vm\prims\jvm.cpp, line 1312]
Event: 5.655 Thread 0x000000000241b000 Exception <a 'java/security/PrivilegedActionException'> (0x00000000d9351028) thrown at [D:\re\workspace\8-2-build-windows-amd64-cygwin\jdk8u25\1677\hotspot\src\share\vm\prims\jvm.cpp, line 1312]
Event: 5.656 Thread 0x000000000241b000 Exception <a 'java/security/PrivilegedActionException'> (0x00000000d9357350) thrown at [D:\re\workspace\8-2-build-windows-amd64-cygwin\jdk8u25\1677\hotspot\src\share\vm\prims\jvm.cpp, line 1312]
Event: 5.656 Thread 0x000000000241b000 Exception <a 'java/security/PrivilegedActionException'> (0x00000000d935a388) thrown at [D:\re\workspace\8-2-build-windows-amd64-cygwin\jdk8u25\1677\hotspot\src\share\vm\prims\jvm.cpp, line 1312]
Event: 5.657 Thread 0x000000000241b000 Exception <a 'java/security/PrivilegedActionException'> (0x00000000d93604a0) thrown at [D:\re\workspace\8-2-build-windows-amd64-cygwin\jdk8u25\1677\hotspot\src\share\vm\prims\jvm.cpp, line 1312]

Events (10 events):
Event: 5.655 loading class org/apache/solr/common/cloud$HashPartitioner
Event: 5.655 loading class org/apache/solr/common/cloud$HashPartitioner done
Event: 5.655 loading class org/springframework/transaction/support/TransactionTemplate
Event: 5.655 loading class org/springframework/transaction/support/TransactionTemplate done
Event: 5.655 loading class org/springframework/transaction/support/TransactionOperations
Event: 5.655 loading class org/springframework/transaction/support/TransactionOperations done
Event: 5.656 loading class org/springframework/transaction/support/DefaultTransactionDefinition
Event: 5.656 loading class org/springframework/transaction/support/DefaultTransactionDefinition done
Event: 5.656 loading class org/springframework/transaction/TransactionDefinition
Event: 5.656 loading class org/springframework/transaction/TransactionDefinition done


Dynamic libraries:
0x000000013f280000 - 0x000000013f2b4000 	C:\Program Files\Java\jdk1.8.0_25\bin\javaw.exe
0x0000000077a10000 - 0x0000000077bba000 	C:\Windows\SYSTEM32\ntdll.dll
0x00000000778f0000 - 0x0000000077a0f000 	C:\Windows\system32\kernel32.dll
0x000007fefdad0000 - 0x000007fefdb3a000 	C:\Windows\system32\KERNELBASE.dll
0x000007fefe170000 - 0x000007fefe24b000 	C:\Windows\system32\ADVAPI32.dll
0x000007fefec00000 - 0x000007fefec9f000 	C:\Windows\system32\msvcrt.dll
0x000007fefee80000 - 0x000007fefee9f000 	C:\Windows\SYSTEM32\sechost.dll
0x000007fefdff0000 - 0x000007fefe11d000 	C:\Windows\system32\RPCRT4.dll
0x00000000777f0000 - 0x00000000778ea000 	C:\Windows\system32\USER32.dll
0x000007fefdf00000 - 0x000007fefdf67000 	C:\Windows\system32\GDI32.dll
0x000007feffd10000 - 0x000007feffd1e000 	C:\Windows\system32\LPK.dll
0x000007fefeeb0000 - 0x000007fefef7a000 	C:\Windows\system32\USP10.dll
0x000007fefc1f0000 - 0x000007fefc3e4000 	C:\Windows\WinSxS\amd64_microsoft.windows.common-controls_6595b64144ccf1df_6.0.7601.18837_none_fa3b1e3d17594757\COMCTL32.dll
0x000007fefe8b0000 - 0x000007fefe921000 	C:\Windows\system32\SHLWAPI.dll
0x000007fefe250000 - 0x000007fefe27e000 	C:\Windows\system32\IMM32.DLL
0x000007fefe7a0000 - 0x000007fefe8a9000 	C:\Windows\system32\MSCTF.dll
0x0000000050790000 - 0x0000000050862000 	C:\Program Files\Java\jdk1.8.0_25\jre\bin\msvcr100.dll
0x000000006fb10000 - 0x000000007036a000 	C:\Program Files\Java\jdk1.8.0_25\jre\bin\server\jvm.dll
0x000007fef8840000 - 0x000007fef8849000 	C:\Windows\system32\WSOCK32.dll
0x000007fefe120000 - 0x000007fefe16d000 	C:\Windows\system32\WS2_32.dll
0x000007fefeea0000 - 0x000007fefeea8000 	C:\Windows\system32\NSI.dll
0x000007fef9a10000 - 0x000007fef9a4b000 	C:\Windows\system32\WINMM.dll
0x0000000077be0000 - 0x0000000077be7000 	C:\Windows\system32\PSAPI.DLL
0x0000000067c90000 - 0x0000000067c9f000 	C:\Program Files\Java\jdk1.8.0_25\jre\bin\verify.dll
0x000000005e1c0000 - 0x000000005e1e8000 	C:\Program Files\Java\jdk1.8.0_25\jre\bin\java.dll
0x00000000657e0000 - 0x00000000657f6000 	C:\Program Files\Java\jdk1.8.0_25\jre\bin\zip.dll
0x000007fefef80000 - 0x000007feffd09000 	C:\Windows\system32\SHELL32.dll
0x000007fefe280000 - 0x000007fefe483000 	C:\Windows\system32\ole32.dll
0x000007fefd790000 - 0x000007fefd79f000 	C:\Windows\system32\profapi.dll
0x0000000065640000 - 0x000000006564d000 	C:\Program Files\Java\jdk1.8.0_25\jre\bin\management.dll
0x00000000656b0000 - 0x00000000656ca000 	C:\Program Files\Java\jdk1.8.0_25\jre\bin\net.dll
0x000007fefcf70000 - 0x000007fefcfc5000 	C:\Windows\system32\mswsock.dll
0x000007fefcf60000 - 0x000007fefcf67000 	C:\Windows\System32\wship6.dll
0x000007fefb790000 - 0x000007fefb7a5000 	C:\Windows\system32\NLAapi.dll
0x000007fef8460000 - 0x000007fef8475000 	C:\Windows\system32\napinsp.dll
0x000007fef8480000 - 0x000007fef8499000 	C:\Windows\system32\pnrpnsp.dll
0x000007fefcdf0000 - 0x000007fefce4b000 	C:\Windows\system32\DNSAPI.dll
0x000007fef7c60000 - 0x000007fef7c6b000 	C:\Windows\System32\winrnr.dll
0x0000000070c70000 - 0x0000000070c96000 	C:\Program Files\Bonjour\mdnsNSP.dll
0x000007fefae30000 - 0x000007fefae57000 	C:\Windows\system32\Iphlpapi.DLL
0x000007fefae20000 - 0x000007fefae2b000 	C:\Windows\system32\WINNSI.DLL
0x000007fefc950000 - 0x000007fefc957000 	C:\Windows\System32\wshtcpip.dll
0x000007fef84f0000 - 0x000007fef84f8000 	C:\Windows\system32\rasadhlp.dll
0x000007fefab50000 - 0x000007fefaba3000 	C:\Windows\System32\fwpuclnt.dll
0x0000000065060000 - 0x0000000065071000 	C:\Program Files\Java\jdk1.8.0_25\jre\bin\nio.dll
0x000007fef2d70000 - 0x000007fef2e95000 	C:\Windows\system32\dbghelp.dll

VM Arguments:
jvm_args: -Dfile.encoding=UTF-8 
java_command: com.ibm.cloud.im.Application
java_class_path (initial): C:\DIST\IMServer\target\classes;C:\Users\victor\.m2\repository\org\springframework\data\spring-data-mongodb\1.8.4.RELEASE\spring-data-mongodb-1.8.4.RELEASE.jar;C:\Users\victor\.m2\repository\org\springframework\spring-tx\4.2.5.RELEASE\spring-tx-4.2.5.RELEASE.jar;C:\Users\victor\.m2\repository\org\springframework\spring-beans\4.2.5.RELEASE\spring-beans-4.2.5.RELEASE.jar;C:\Users\victor\.m2\repository\org\springframework\spring-expression\4.2.5.RELEASE\spring-expression-4.2.5.RELEASE.jar;C:\Users\victor\.m2\repository\org\springframework\data\spring-data-commons\1.11.4.RELEASE\spring-data-commons-1.11.4.RELEASE.jar;C:\Users\victor\.m2\repository\org\mongodb\mongo-java-driver\2.13.3\mongo-java-driver-2.13.3.jar;C:\Users\victor\.m2\repository\org\slf4j\slf4j-api\1.7.16\slf4j-api-1.7.16.jar;C:\Users\victor\.m2\repository\org\slf4j\jcl-over-slf4j\1.7.16\jcl-over-slf4j-1.7.16.jar;C:\Users\victor\.m2\repository\net\sf\json-lib\json-lib\2.4\json-lib-2.4-jdk15.jar;C:\Users\victor\.m2\repository\commons-beanutils\commons-beanutils\1.9.2\commons-beanutils-1.9.2.jar;C:\Users\victor\.m2\repository\commons-collections\commons-collections\3.2.2\commons-collections-3.2.2.jar;C:\Users\victor\.m2\repository\commons-lang\commons-lang\2.5\commons-lang-2.5.jar;C:\Users\victor\.m2\repository\commons-logging\commons-logging\1.1.1\commons-logging-1.1.1.jar;C:\Users\victor\.m2\repository\net\sf\ezmorph\ezmorph\1.0.6\ezmorph-1.0.6.jar;C:\Users\victor\.m2\repository\redis\clients\jedis\2.7.3\jedis-2.7.3.jar;C:\Users\victor\.m2\repository\org\apache\commons\commons-pool2\2.4.2\commons-pool2-2.4.2.jar;C:\Users\victor\.m2\repository\org\springframework\boot\spring-boot-starter-websocket\1.3.3.RELEASE\spring-boot-starter-websocket-1.3.3.RELEASE.jar;C:\Users\victor\.m2\repository\org\springframework\boot\spring-boot-starter\1.3.3.RELEASE\spring-boot-starter-1.3.3.RELEASE.jar;C:\Users\victor\.m2\repository\org\springframework\boot\spring-boot\1.3.3.RELEASE\spring-boot-1.
Launcher Type: SUN_STANDARD

Environment Variables:
JAVA_HOME=C:\Program Files\Java\jdk1.8.0_25
JRE_HOME=C:\Program Files\Java\jre1.8.0_25
PATH=C:/Program Files/Java/jdk1.7.0_67/bin/../jre/bin/server;C:/Program Files/Java/jdk1.7.0_67/bin/../jre/bin;C:/Program Files/Java/jdk1.7.0_67/bin/../jre/lib/amd64;C:\bluemix\gradle-2.14\bin;C:\bluemix\zookeeper-3.4.8\bin;C:\ProgramData\Oracle\Java\javapath;C:\Windows\system32;C:\Windows;C:\Windows\System32\Wbem;C:\Windows\System32\WindowsPowerShell\v1.0\;C:\Program Files\IBM\Infoprint Select;C:\Program Files (x86)\Intel\OpenCL SDK\2.0\bin\x86;C:\Program Files (x86)\Intel\OpenCL SDK\2.0\bin\x64;C:\Program Files\Intel\WiFi\bin\;C:\Program Files\Common Files\Intel\WirelessCommon\;C:\Notes9;C:\Notes9;C:\Notes9;C:\DEV\MySQL\MySQL Utilities 1.3.6\;C:\Program Files (x86)\Microsoft SQL Server\100\Tools\Binn\;C:\Program Files\Microsoft SQL Server\100\Tools\Binn\;C:\Program Files\Microsoft SQL Server\100\DTS\Binn\;C:\Program Files (x86)\Microsoft SQL Server\100\Tools\Binn\VSShell\Common7\IDE\;C:\Program Files (x86)\Microsoft SQL Server\100\DTS\Binn\;C:\Program Files (x86)\Microsoft Visual Studio 9.0\Common7\IDE\PrivateAssemblies\;C:\Program Files\TortoiseSVN\bin;C:\Git\cmd;C:\Program Files\IBM\Bluemix\bin;C:\Program Files (x86)\CloudFoundry;C:\Program Files (x86)\IBM\IBM Bluemix Live Sync CLI;C:\Program Files\nodejs\;C:\Program Files\Java\jdk1.8.0_25\bin;c:\dev\php;c:\dev\php\ext;C:\DEV\apache-maven-3.2.3\bin;C:\Program Files (x86)\IBM\Java60\jre\bin;C:\Program Files (x86)\IDM Computer Solutions\UltraEdit\;C:\Program Files\Intel\WiFi\bin\;C:\Program Files\Common Files\Intel\WirelessCommon\;C:\Users\victor\AppData\Local\Box\Box Edit\;C:\Program Files\Docker Toolbox;C:\Users\victor\AppData\Roaming\npm;E:\soft\eclipse-jee-x86_64\eclipse;
USERNAME=victor
OS=Windows_NT
PROCESSOR_IDENTIFIER=Intel64 Family 6 Model 42 Stepping 7, GenuineIntel



---------------  S Y S T E M  ---------------

OS: Windows 7 , 64 bit Build 7601 Service Pack 1

CPU:total 4 (2 cores per cpu, 2 threads per core) family 6 model 42 stepping 7, cmov, cx8, fxsr, mmx, sse, sse2, sse3, ssse3, sse4.1, sse4.2, popcnt, avx, aes, clmul, ht, tsc, tscinvbit

Memory: 4k page, physical 8269040k(1064244k free), swap 8267180k(6984k free)

vm_info: Java HotSpot(TM) 64-Bit Server VM (25.25-b02) for windows-amd64 JRE (1.8.0_25-b18), built on Oct  7 2014 14:25:37 by "java_re" with MS VC++ 10.0 (VS2010)

time: Mon Jun 20 13:13:57 2016
elapsed time: 5 seconds (0d 0h 0m 5s)

